[25-May-2026 15:29:47 ASIA/JAKARTA] PHP Warning:  mysqli::__construct(): (HY000/1045): Access denied for user 'root'@'172.19.0.4' (using password: YES) in /var/www/html/sistemantrian/config/config.php on line 9
[25-May-2026 15:40:10 ASIA/JAKARTA] PHP Warning:  mysqli::__construct(): (HY000/1045): Access denied for user 'root'@'172.19.0.4' (using password: YES) in /var/www/html/sistemantrian/config/config.php on line 9
[25-May-2026 15:52:25 ASIA/JAKARTA] PHP Warning:  mysqli::__construct(): (HY000/1045): Access denied for user 'root'@'172.19.0.4' (using password: YES) in /var/www/html/sistemantrian/config/config.php on line 9
[25-May-2026 15:52:29 ASIA/JAKARTA] PHP Warning:  mysqli::__construct(): (HY000/1045): Access denied for user 'root'@'172.19.0.4' (using password: YES) in /var/www/html/sistemantrian/config/config.php on line 9
[25-May-2026 15:57:28 ASIA/JAKARTA] PHP Warning:  mysqli::__construct(): (HY000/1045): Access denied for user 'root'@'172.19.0.4' (using password: YES) in /var/www/html/sistemantrian/pengunjung/pages/beranda/config.php on line 9
[25-May-2026 16:27:29 ASIA/JAKARTA] PHP Notice:  Undefined variable: sql_details in /var/www/html/sistemantrian/petugas/modules/antrian/data.php on line 40
[25-May-2026 16:27:29 ASIA/JAKARTA] PHP Fatal error:  Uncaught Error: Call to a member function prepare() on null in /var/www/html/sistemantrian/petugas/assets/vendors/js/datatables/ssp.class.php:422
Stack trace:
#0 /var/www/html/sistemantrian/petugas/assets/vendors/js/datatables/ssp.class.php(340): SSP::sql_exec(NULL, Array, 'SELECT `no_antr...')
#1 /var/www/html/sistemantrian/petugas/modules/antrian/data.php(40): SSP::complex(Array, NULL, 'antrian', 'ID', Array, 'tanggal='2026-0...', '')
#2 {main}
  thrown in /var/www/html/sistemantrian/petugas/assets/vendors/js/datatables/ssp.class.php on line 422
[25-May-2026 16:27:32 ASIA/JAKARTA] PHP Notice:  Undefined variable: sql_details in /var/www/html/sistemantrian/petugas/modules/antrian/data.php on line 40
[25-May-2026 16:27:32 ASIA/JAKARTA] PHP Fatal error:  Uncaught Error: Call to a member function prepare() on null in /var/www/html/sistemantrian/petugas/assets/vendors/js/datatables/ssp.class.php:422
Stack trace:
#0 /var/www/html/sistemantrian/petugas/assets/vendors/js/datatables/ssp.class.php(340): SSP::sql_exec(NULL, Array, 'SELECT `no_antr...')
#1 /var/www/html/sistemantrian/petugas/modules/antrian/data.php(40): SSP::complex(Array, NULL, 'antrian', 'ID', Array, 'tanggal='2026-0...', '')
#2 {main}
  thrown in /var/www/html/sistemantrian/petugas/assets/vendors/js/datatables/ssp.class.php on line 422
[25-May-2026 16:28:03 ASIA/JAKARTA] PHP Notice:  Undefined variable: sql_details in /var/www/html/sistemantrian/petugas/modules/antrian/data.php on line 40
[25-May-2026 16:28:03 ASIA/JAKARTA] PHP Fatal error:  Uncaught Error: Call to a member function prepare() on null in /var/www/html/sistemantrian/petugas/assets/vendors/js/datatables/ssp.class.php:422
Stack trace:
#0 /var/www/html/sistemantrian/petugas/assets/vendors/js/datatables/ssp.class.php(340): SSP::sql_exec(NULL, Array, 'SELECT `no_antr...')
#1 /var/www/html/sistemantrian/petugas/modules/antrian/data.php(40): SSP::complex(Array, NULL, 'antrian', 'ID', Array, 'tanggal='2026-0...', '')
#2 {main}
  thrown in /var/www/html/sistemantrian/petugas/assets/vendors/js/datatables/ssp.class.php on line 422
[25-May-2026 16:28:04 ASIA/JAKARTA] PHP Notice:  Undefined variable: sql_details in /var/www/html/sistemantrian/petugas/modules/antrian/data.php on line 40
[25-May-2026 16:28:04 ASIA/JAKARTA] PHP Fatal error:  Uncaught Error: Call to a member function prepare() on null in /var/www/html/sistemantrian/petugas/assets/vendors/js/datatables/ssp.class.php:422
Stack trace:
#0 /var/www/html/sistemantrian/petugas/assets/vendors/js/datatables/ssp.class.php(340): SSP::sql_exec(NULL, Array, 'SELECT `no_antr...')
#1 /var/www/html/sistemantrian/petugas/modules/antrian/data.php(40): SSP::complex(Array, NULL, 'antrian', 'ID', Array, 'tanggal='2026-0...', '')
#2 {main}
  thrown in /var/www/html/sistemantrian/petugas/assets/vendors/js/datatables/ssp.class.php on line 422
[25-May-2026 16:28:47 ASIA/JAKARTA] PHP Notice:  Undefined variable: sql_details in /var/www/html/sistemantrian/petugas/modules/antrian/data.php on line 40
[25-May-2026 16:28:47 ASIA/JAKARTA] PHP Fatal error:  Uncaught Error: Call to a member function prepare() on null in /var/www/html/sistemantrian/petugas/assets/vendors/js/datatables/ssp.class.php:422
Stack trace:
#0 /var/www/html/sistemantrian/petugas/assets/vendors/js/datatables/ssp.class.php(340): SSP::sql_exec(NULL, Array, 'SELECT `no_antr...')
#1 /var/www/html/sistemantrian/petugas/modules/antrian/data.php(40): SSP::complex(Array, NULL, 'antrian', 'ID', Array, 'tanggal='2026-0...', '')
#2 {main}
  thrown in /var/www/html/sistemantrian/petugas/assets/vendors/js/datatables/ssp.class.php on line 422
[25-May-2026 16:28:49 ASIA/JAKARTA] PHP Notice:  Undefined variable: sql_details in /var/www/html/sistemantrian/petugas/modules/antrian/data.php on line 40
[25-May-2026 16:28:49 ASIA/JAKARTA] PHP Fatal error:  Uncaught Error: Call to a member function prepare() on null in /var/www/html/sistemantrian/petugas/assets/vendors/js/datatables/ssp.class.php:422
Stack trace:
#0 /var/www/html/sistemantrian/petugas/assets/vendors/js/datatables/ssp.class.php(340): SSP::sql_exec(NULL, Array, 'SELECT `no_antr...')
#1 /var/www/html/sistemantrian/petugas/modules/antrian/data.php(40): SSP::complex(Array, NULL, 'antrian', 'ID', Array, 'tanggal='2026-0...', '')
#2 {main}
  thrown in /var/www/html/sistemantrian/petugas/assets/vendors/js/datatables/ssp.class.php on line 422
[25-May-2026 16:28:54 ASIA/JAKARTA] PHP Notice:  Undefined variable: sql_details in /var/www/html/sistemantrian/petugas/modules/antrian/data.php on line 40
[25-May-2026 16:28:54 ASIA/JAKARTA] PHP Fatal error:  Uncaught Error: Call to a member function prepare() on null in /var/www/html/sistemantrian/petugas/assets/vendors/js/datatables/ssp.class.php:422
Stack trace:
#0 /var/www/html/sistemantrian/petugas/assets/vendors/js/datatables/ssp.class.php(340): SSP::sql_exec(NULL, Array, 'SELECT `no_antr...')
#1 /var/www/html/sistemantrian/petugas/modules/antrian/data.php(40): SSP::complex(Array, NULL, 'antrian', 'ID', Array, 'tanggal='2026-0...', '')
#2 {main}
  thrown in /var/www/html/sistemantrian/petugas/assets/vendors/js/datatables/ssp.class.php on line 422
[25-May-2026 16:28:59 ASIA/JAKARTA] PHP Notice:  Undefined variable: sql_details in /var/www/html/sistemantrian/petugas/modules/antrian/data.php on line 40
[25-May-2026 16:28:59 ASIA/JAKARTA] PHP Fatal error:  Uncaught Error: Call to a member function prepare() on null in /var/www/html/sistemantrian/petugas/assets/vendors/js/datatables/ssp.class.php:422
Stack trace:
#0 /var/www/html/sistemantrian/petugas/assets/vendors/js/datatables/ssp.class.php(340): SSP::sql_exec(NULL, Array, 'SELECT `no_antr...')
#1 /var/www/html/sistemantrian/petugas/modules/antrian/data.php(40): SSP::complex(Array, NULL, 'antrian', 'ID', Array, 'tanggal='2026-0...', '')
#2 {main}
  thrown in /var/www/html/sistemantrian/petugas/assets/vendors/js/datatables/ssp.class.php on line 422
[25-May-2026 16:29:04 ASIA/JAKARTA] PHP Notice:  Undefined variable: sql_details in /var/www/html/sistemantrian/petugas/modules/antrian/data.php on line 40
[25-May-2026 16:29:04 ASIA/JAKARTA] PHP Fatal error:  Uncaught Error: Call to a member function prepare() on null in /var/www/html/sistemantrian/petugas/assets/vendors/js/datatables/ssp.class.php:422
Stack trace:
#0 /var/www/html/sistemantrian/petugas/assets/vendors/js/datatables/ssp.class.php(340): SSP::sql_exec(NULL, Array, 'SELECT `no_antr...')
#1 /var/www/html/sistemantrian/petugas/modules/antrian/data.php(40): SSP::complex(Array, NULL, 'antrian', 'ID', Array, 'tanggal='2026-0...', '')
#2 {main}
  thrown in /var/www/html/sistemantrian/petugas/assets/vendors/js/datatables/ssp.class.php on line 422
[25-May-2026 16:29:09 ASIA/JAKARTA] PHP Notice:  Undefined variable: sql_details in /var/www/html/sistemantrian/petugas/modules/antrian/data.php on line 40
[25-May-2026 16:29:09 ASIA/JAKARTA] PHP Fatal error:  Uncaught Error: Call to a member function prepare() on null in /var/www/html/sistemantrian/petugas/assets/vendors/js/datatables/ssp.class.php:422
Stack trace:
#0 /var/www/html/sistemantrian/petugas/assets/vendors/js/datatables/ssp.class.php(340): SSP::sql_exec(NULL, Array, 'SELECT `no_antr...')
#1 /var/www/html/sistemantrian/petugas/modules/antrian/data.php(40): SSP::complex(Array, NULL, 'antrian', 'ID', Array, 'tanggal='2026-0...', '')
#2 {main}
  thrown in /var/www/html/sistemantrian/petugas/assets/vendors/js/datatables/ssp.class.php on line 422
[25-May-2026 16:29:14 ASIA/JAKARTA] PHP Notice:  Undefined variable: sql_details in /var/www/html/sistemantrian/petugas/modules/antrian/data.php on line 40
[25-May-2026 16:29:14 ASIA/JAKARTA] PHP Fatal error:  Uncaught Error: Call to a member function prepare() on null in /var/www/html/sistemantrian/petugas/assets/vendors/js/datatables/ssp.class.php:422
Stack trace:
#0 /var/www/html/sistemantrian/petugas/assets/vendors/js/datatables/ssp.class.php(340): SSP::sql_exec(NULL, Array, 'SELECT `no_antr...')
#1 /var/www/html/sistemantrian/petugas/modules/antrian/data.php(40): SSP::complex(Array, NULL, 'antrian', 'ID', Array, 'tanggal='2026-0...', '')
#2 {main}
  thrown in /var/www/html/sistemantrian/petugas/assets/vendors/js/datatables/ssp.class.php on line 422
[25-May-2026 16:29:19 ASIA/JAKARTA] PHP Notice:  Undefined variable: sql_details in /var/www/html/sistemantrian/petugas/modules/antrian/data.php on line 40
[25-May-2026 16:29:19 ASIA/JAKARTA] PHP Fatal error:  Uncaught Error: Call to a member function prepare() on null in /var/www/html/sistemantrian/petugas/assets/vendors/js/datatables/ssp.class.php:422
Stack trace:
#0 /var/www/html/sistemantrian/petugas/assets/vendors/js/datatables/ssp.class.php(340): SSP::sql_exec(NULL, Array, 'SELECT `no_antr...')
#1 /var/www/html/sistemantrian/petugas/modules/antrian/data.php(40): SSP::complex(Array, NULL, 'antrian', 'ID', Array, 'tanggal='2026-0...', '')
#2 {main}
  thrown in /var/www/html/sistemantrian/petugas/assets/vendors/js/datatables/ssp.class.php on line 422
[25-May-2026 16:29:24 ASIA/JAKARTA] PHP Notice:  Undefined variable: sql_details in /var/www/html/sistemantrian/petugas/modules/antrian/data.php on line 40
[25-May-2026 16:29:24 ASIA/JAKARTA] PHP Fatal error:  Uncaught Error: Call to a member function prepare() on null in /var/www/html/sistemantrian/petugas/assets/vendors/js/datatables/ssp.class.php:422
Stack trace:
#0 /var/www/html/sistemantrian/petugas/assets/vendors/js/datatables/ssp.class.php(340): SSP::sql_exec(NULL, Array, 'SELECT `no_antr...')
#1 /var/www/html/sistemantrian/petugas/modules/antrian/data.php(40): SSP::complex(Array, NULL, 'antrian', 'ID', Array, 'tanggal='2026-0...', '')
#2 {main}
  thrown in /var/www/html/sistemantrian/petugas/assets/vendors/js/datatables/ssp.class.php on line 422
[25-May-2026 16:29:29 ASIA/JAKARTA] PHP Notice:  Undefined variable: sql_details in /var/www/html/sistemantrian/petugas/modules/antrian/data.php on line 40
[25-May-2026 16:29:29 ASIA/JAKARTA] PHP Fatal error:  Uncaught Error: Call to a member function prepare() on null in /var/www/html/sistemantrian/petugas/assets/vendors/js/datatables/ssp.class.php:422
Stack trace:
#0 /var/www/html/sistemantrian/petugas/assets/vendors/js/datatables/ssp.class.php(340): SSP::sql_exec(NULL, Array, 'SELECT `no_antr...')
#1 /var/www/html/sistemantrian/petugas/modules/antrian/data.php(40): SSP::complex(Array, NULL, 'antrian', 'ID', Array, 'tanggal='2026-0...', '')
#2 {main}
  thrown in /var/www/html/sistemantrian/petugas/assets/vendors/js/datatables/ssp.class.php on line 422
[25-May-2026 16:29:34 ASIA/JAKARTA] PHP Notice:  Undefined variable: sql_details in /var/www/html/sistemantrian/petugas/modules/antrian/data.php on line 40
[25-May-2026 16:29:34 ASIA/JAKARTA] PHP Fatal error:  Uncaught Error: Call to a member function prepare() on null in /var/www/html/sistemantrian/petugas/assets/vendors/js/datatables/ssp.class.php:422
Stack trace:
#0 /var/www/html/sistemantrian/petugas/assets/vendors/js/datatables/ssp.class.php(340): SSP::sql_exec(NULL, Array, 'SELECT `no_antr...')
#1 /var/www/html/sistemantrian/petugas/modules/antrian/data.php(40): SSP::complex(Array, NULL, 'antrian', 'ID', Array, 'tanggal='2026-0...', '')
#2 {main}
  thrown in /var/www/html/sistemantrian/petugas/assets/vendors/js/datatables/ssp.class.php on line 422
[25-May-2026 16:31:11 ASIA/JAKARTA] PHP Notice:  Undefined variable: sql_details in /var/www/html/sistemantrian/petugas/modules/antrian/data.php on line 40
[25-May-2026 16:31:11 ASIA/JAKARTA] PHP Fatal error:  Uncaught Error: Call to a member function prepare() on null in /var/www/html/sistemantrian/petugas/assets/vendors/js/datatables/ssp.class.php:422
Stack trace:
#0 /var/www/html/sistemantrian/petugas/assets/vendors/js/datatables/ssp.class.php(340): SSP::sql_exec(NULL, Array, 'SELECT `no_antr...')
#1 /var/www/html/sistemantrian/petugas/modules/antrian/data.php(40): SSP::complex(Array, NULL, 'antrian', 'ID', Array, 'tanggal='2026-0...', '')
#2 {main}
  thrown in /var/www/html/sistemantrian/petugas/assets/vendors/js/datatables/ssp.class.php on line 422
[25-May-2026 16:31:14 ASIA/JAKARTA] PHP Notice:  Undefined variable: sql_details in /var/www/html/sistemantrian/petugas/modules/antrian/data.php on line 40
[25-May-2026 16:31:14 ASIA/JAKARTA] PHP Fatal error:  Uncaught Error: Call to a member function prepare() on null in /var/www/html/sistemantrian/petugas/assets/vendors/js/datatables/ssp.class.php:422
Stack trace:
#0 /var/www/html/sistemantrian/petugas/assets/vendors/js/datatables/ssp.class.php(340): SSP::sql_exec(NULL, Array, 'SELECT `no_antr...')
#1 /var/www/html/sistemantrian/petugas/modules/antrian/data.php(40): SSP::complex(Array, NULL, 'antrian', 'ID', Array, 'tanggal='2026-0...', '')
#2 {main}
  thrown in /var/www/html/sistemantrian/petugas/assets/vendors/js/datatables/ssp.class.php on line 422
[25-May-2026 16:31:19 ASIA/JAKARTA] PHP Notice:  Undefined variable: sql_details in /var/www/html/sistemantrian/petugas/modules/antrian/data.php on line 40
[25-May-2026 16:31:19 ASIA/JAKARTA] PHP Fatal error:  Uncaught Error: Call to a member function prepare() on null in /var/www/html/sistemantrian/petugas/assets/vendors/js/datatables/ssp.class.php:422
Stack trace:
#0 /var/www/html/sistemantrian/petugas/assets/vendors/js/datatables/ssp.class.php(340): SSP::sql_exec(NULL, Array, 'SELECT `no_antr...')
#1 /var/www/html/sistemantrian/petugas/modules/antrian/data.php(40): SSP::complex(Array, NULL, 'antrian', 'ID', Array, 'tanggal='2026-0...', '')
#2 {main}
  thrown in /var/www/html/sistemantrian/petugas/assets/vendors/js/datatables/ssp.class.php on line 422
[25-May-2026 16:31:24 ASIA/JAKARTA] PHP Notice:  Undefined variable: sql_details in /var/www/html/sistemantrian/petugas/modules/antrian/data.php on line 40
[25-May-2026 16:31:24 ASIA/JAKARTA] PHP Fatal error:  Uncaught Error: Call to a member function prepare() on null in /var/www/html/sistemantrian/petugas/assets/vendors/js/datatables/ssp.class.php:422
Stack trace:
#0 /var/www/html/sistemantrian/petugas/assets/vendors/js/datatables/ssp.class.php(340): SSP::sql_exec(NULL, Array, 'SELECT `no_antr...')
#1 /var/www/html/sistemantrian/petugas/modules/antrian/data.php(40): SSP::complex(Array, NULL, 'antrian', 'ID', Array, 'tanggal='2026-0...', '')
#2 {main}
  thrown in /var/www/html/sistemantrian/petugas/assets/vendors/js/datatables/ssp.class.php on line 422
[25-May-2026 16:31:29 ASIA/JAKARTA] PHP Notice:  Undefined variable: sql_details in /var/www/html/sistemantrian/petugas/modules/antrian/data.php on line 40
[25-May-2026 16:31:29 ASIA/JAKARTA] PHP Fatal error:  Uncaught Error: Call to a member function prepare() on null in /var/www/html/sistemantrian/petugas/assets/vendors/js/datatables/ssp.class.php:422
Stack trace:
#0 /var/www/html/sistemantrian/petugas/assets/vendors/js/datatables/ssp.class.php(340): SSP::sql_exec(NULL, Array, 'SELECT `no_antr...')
#1 /var/www/html/sistemantrian/petugas/modules/antrian/data.php(40): SSP::complex(Array, NULL, 'antrian', 'ID', Array, 'tanggal='2026-0...', '')
#2 {main}
  thrown in /var/www/html/sistemantrian/petugas/assets/vendors/js/datatables/ssp.class.php on line 422
[25-May-2026 16:31:34 ASIA/JAKARTA] PHP Notice:  Undefined variable: sql_details in /var/www/html/sistemantrian/petugas/modules/antrian/data.php on line 40
[25-May-2026 16:31:34 ASIA/JAKARTA] PHP Fatal error:  Uncaught Error: Call to a member function prepare() on null in /var/www/html/sistemantrian/petugas/assets/vendors/js/datatables/ssp.class.php:422
Stack trace:
#0 /var/www/html/sistemantrian/petugas/assets/vendors/js/datatables/ssp.class.php(340): SSP::sql_exec(NULL, Array, 'SELECT `no_antr...')
#1 /var/www/html/sistemantrian/petugas/modules/antrian/data.php(40): SSP::complex(Array, NULL, 'antrian', 'ID', Array, 'tanggal='2026-0...', '')
#2 {main}
  thrown in /var/www/html/sistemantrian/petugas/assets/vendors/js/datatables/ssp.class.php on line 422
[25-May-2026 16:31:39 ASIA/JAKARTA] PHP Notice:  Undefined variable: sql_details in /var/www/html/sistemantrian/petugas/modules/antrian/data.php on line 40
[25-May-2026 16:31:39 ASIA/JAKARTA] PHP Fatal error:  Uncaught Error: Call to a member function prepare() on null in /var/www/html/sistemantrian/petugas/assets/vendors/js/datatables/ssp.class.php:422
Stack trace:
#0 /var/www/html/sistemantrian/petugas/assets/vendors/js/datatables/ssp.class.php(340): SSP::sql_exec(NULL, Array, 'SELECT `no_antr...')
#1 /var/www/html/sistemantrian/petugas/modules/antrian/data.php(40): SSP::complex(Array, NULL, 'antrian', 'ID', Array, 'tanggal='2026-0...', '')
#2 {main}
  thrown in /var/www/html/sistemantrian/petugas/assets/vendors/js/datatables/ssp.class.php on line 422
[25-May-2026 16:31:44 ASIA/JAKARTA] PHP Notice:  Undefined variable: sql_details in /var/www/html/sistemantrian/petugas/modules/antrian/data.php on line 40
[25-May-2026 16:31:44 ASIA/JAKARTA] PHP Fatal error:  Uncaught Error: Call to a member function prepare() on null in /var/www/html/sistemantrian/petugas/assets/vendors/js/datatables/ssp.class.php:422
Stack trace:
#0 /var/www/html/sistemantrian/petugas/assets/vendors/js/datatables/ssp.class.php(340): SSP::sql_exec(NULL, Array, 'SELECT `no_antr...')
#1 /var/www/html/sistemantrian/petugas/modules/antrian/data.php(40): SSP::complex(Array, NULL, 'antrian', 'ID', Array, 'tanggal='2026-0...', '')
#2 {main}
  thrown in /var/www/html/sistemantrian/petugas/assets/vendors/js/datatables/ssp.class.php on line 422
[25-May-2026 16:31:49 ASIA/JAKARTA] PHP Notice:  Undefined variable: sql_details in /var/www/html/sistemantrian/petugas/modules/antrian/data.php on line 40
[25-May-2026 16:31:49 ASIA/JAKARTA] PHP Fatal error:  Uncaught Error: Call to a member function prepare() on null in /var/www/html/sistemantrian/petugas/assets/vendors/js/datatables/ssp.class.php:422
Stack trace:
#0 /var/www/html/sistemantrian/petugas/assets/vendors/js/datatables/ssp.class.php(340): SSP::sql_exec(NULL, Array, 'SELECT `no_antr...')
#1 /var/www/html/sistemantrian/petugas/modules/antrian/data.php(40): SSP::complex(Array, NULL, 'antrian', 'ID', Array, 'tanggal='2026-0...', '')
#2 {main}
  thrown in /var/www/html/sistemantrian/petugas/assets/vendors/js/datatables/ssp.class.php on line 422
[25-May-2026 16:31:54 ASIA/JAKARTA] PHP Notice:  Undefined variable: sql_details in /var/www/html/sistemantrian/petugas/modules/antrian/data.php on line 40
[25-May-2026 16:31:54 ASIA/JAKARTA] PHP Fatal error:  Uncaught Error: Call to a member function prepare() on null in /var/www/html/sistemantrian/petugas/assets/vendors/js/datatables/ssp.class.php:422
Stack trace:
#0 /var/www/html/sistemantrian/petugas/assets/vendors/js/datatables/ssp.class.php(340): SSP::sql_exec(NULL, Array, 'SELECT `no_antr...')
#1 /var/www/html/sistemantrian/petugas/modules/antrian/data.php(40): SSP::complex(Array, NULL, 'antrian', 'ID', Array, 'tanggal='2026-0...', '')
#2 {main}
  thrown in /var/www/html/sistemantrian/petugas/assets/vendors/js/datatables/ssp.class.php on line 422
[25-May-2026 16:31:59 ASIA/JAKARTA] PHP Notice:  Undefined variable: sql_details in /var/www/html/sistemantrian/petugas/modules/antrian/data.php on line 40
[25-May-2026 16:31:59 ASIA/JAKARTA] PHP Fatal error:  Uncaught Error: Call to a member function prepare() on null in /var/www/html/sistemantrian/petugas/assets/vendors/js/datatables/ssp.class.php:422
Stack trace:
#0 /var/www/html/sistemantrian/petugas/assets/vendors/js/datatables/ssp.class.php(340): SSP::sql_exec(NULL, Array, 'SELECT `no_antr...')
#1 /var/www/html/sistemantrian/petugas/modules/antrian/data.php(40): SSP::complex(Array, NULL, 'antrian', 'ID', Array, 'tanggal='2026-0...', '')
#2 {main}
  thrown in /var/www/html/sistemantrian/petugas/assets/vendors/js/datatables/ssp.class.php on line 422
[25-May-2026 16:32:04 ASIA/JAKARTA] PHP Notice:  Undefined variable: sql_details in /var/www/html/sistemantrian/petugas/modules/antrian/data.php on line 40
[25-May-2026 16:32:04 ASIA/JAKARTA] PHP Fatal error:  Uncaught Error: Call to a member function prepare() on null in /var/www/html/sistemantrian/petugas/assets/vendors/js/datatables/ssp.class.php:422
Stack trace:
#0 /var/www/html/sistemantrian/petugas/assets/vendors/js/datatables/ssp.class.php(340): SSP::sql_exec(NULL, Array, 'SELECT `no_antr...')
#1 /var/www/html/sistemantrian/petugas/modules/antrian/data.php(40): SSP::complex(Array, NULL, 'antrian', 'ID', Array, 'tanggal='2026-0...', '')
#2 {main}
  thrown in /var/www/html/sistemantrian/petugas/assets/vendors/js/datatables/ssp.class.php on line 422
[25-May-2026 16:32:10 ASIA/JAKARTA] PHP Notice:  Undefined variable: sql_details in /var/www/html/sistemantrian/petugas/modules/antrian/data.php on line 40
[25-May-2026 16:32:10 ASIA/JAKARTA] PHP Fatal error:  Uncaught Error: Call to a member function prepare() on null in /var/www/html/sistemantrian/petugas/assets/vendors/js/datatables/ssp.class.php:422
Stack trace:
#0 /var/www/html/sistemantrian/petugas/assets/vendors/js/datatables/ssp.class.php(340): SSP::sql_exec(NULL, Array, 'SELECT `no_antr...')
#1 /var/www/html/sistemantrian/petugas/modules/antrian/data.php(40): SSP::complex(Array, NULL, 'antrian', 'ID', Array, 'tanggal='2026-0...', '')
#2 {main}
  thrown in /var/www/html/sistemantrian/petugas/assets/vendors/js/datatables/ssp.class.php on line 422
[25-May-2026 16:32:14 ASIA/JAKARTA] PHP Notice:  Undefined variable: sql_details in /var/www/html/sistemantrian/petugas/modules/antrian/data.php on line 40
[25-May-2026 16:32:14 ASIA/JAKARTA] PHP Fatal error:  Uncaught Error: Call to a member function prepare() on null in /var/www/html/sistemantrian/petugas/assets/vendors/js/datatables/ssp.class.php:422
Stack trace:
#0 /var/www/html/sistemantrian/petugas/assets/vendors/js/datatables/ssp.class.php(340): SSP::sql_exec(NULL, Array, 'SELECT `no_antr...')
#1 /var/www/html/sistemantrian/petugas/modules/antrian/data.php(40): SSP::complex(Array, NULL, 'antrian', 'ID', Array, 'tanggal='2026-0...', '')
#2 {main}
  thrown in /var/www/html/sistemantrian/petugas/assets/vendors/js/datatables/ssp.class.php on line 422
[25-May-2026 16:32:19 ASIA/JAKARTA] PHP Notice:  Undefined variable: sql_details in /var/www/html/sistemantrian/petugas/modules/antrian/data.php on line 40
[25-May-2026 16:32:19 ASIA/JAKARTA] PHP Fatal error:  Uncaught Error: Call to a member function prepare() on null in /var/www/html/sistemantrian/petugas/assets/vendors/js/datatables/ssp.class.php:422
Stack trace:
#0 /var/www/html/sistemantrian/petugas/assets/vendors/js/datatables/ssp.class.php(340): SSP::sql_exec(NULL, Array, 'SELECT `no_antr...')
#1 /var/www/html/sistemantrian/petugas/modules/antrian/data.php(40): SSP::complex(Array, NULL, 'antrian', 'ID', Array, 'tanggal='2026-0...', '')
#2 {main}
  thrown in /var/www/html/sistemantrian/petugas/assets/vendors/js/datatables/ssp.class.php on line 422
[25-May-2026 16:32:24 ASIA/JAKARTA] PHP Notice:  Undefined variable: sql_details in /var/www/html/sistemantrian/petugas/modules/antrian/data.php on line 40
[25-May-2026 16:32:24 ASIA/JAKARTA] PHP Fatal error:  Uncaught Error: Call to a member function prepare() on null in /var/www/html/sistemantrian/petugas/assets/vendors/js/datatables/ssp.class.php:422
Stack trace:
#0 /var/www/html/sistemantrian/petugas/assets/vendors/js/datatables/ssp.class.php(340): SSP::sql_exec(NULL, Array, 'SELECT `no_antr...')
#1 /var/www/html/sistemantrian/petugas/modules/antrian/data.php(40): SSP::complex(Array, NULL, 'antrian', 'ID', Array, 'tanggal='2026-0...', '')
#2 {main}
  thrown in /var/www/html/sistemantrian/petugas/assets/vendors/js/datatables/ssp.class.php on line 422
[25-May-2026 16:32:33 ASIA/JAKARTA] PHP Notice:  Undefined variable: sql_details in /var/www/html/sistemantrian/petugas/modules/antrian/data.php on line 40
[25-May-2026 16:32:33 ASIA/JAKARTA] PHP Fatal error:  Uncaught Error: Call to a member function prepare() on null in /var/www/html/sistemantrian/petugas/assets/vendors/js/datatables/ssp.class.php:422
Stack trace:
#0 /var/www/html/sistemantrian/petugas/assets/vendors/js/datatables/ssp.class.php(340): SSP::sql_exec(NULL, Array, 'SELECT `no_antr...')
#1 /var/www/html/sistemantrian/petugas/modules/antrian/data.php(40): SSP::complex(Array, NULL, 'antrian', 'ID', Array, 'tanggal='2026-0...', '')
#2 {main}
  thrown in /var/www/html/sistemantrian/petugas/assets/vendors/js/datatables/ssp.class.php on line 422
[25-May-2026 16:32:43 ASIA/JAKARTA] PHP Notice:  Undefined variable: sql_details in /var/www/html/sistemantrian/petugas/modules/antrian/data.php on line 40
[25-May-2026 16:32:43 ASIA/JAKARTA] PHP Fatal error:  Uncaught Error: Call to a member function prepare() on null in /var/www/html/sistemantrian/petugas/assets/vendors/js/datatables/ssp.class.php:422
Stack trace:
#0 /var/www/html/sistemantrian/petugas/assets/vendors/js/datatables/ssp.class.php(340): SSP::sql_exec(NULL, Array, 'SELECT `no_antr...')
#1 /var/www/html/sistemantrian/petugas/modules/antrian/data.php(40): SSP::complex(Array, NULL, 'antrian', 'ID', Array, 'tanggal='2026-0...', '')
#2 {main}
  thrown in /var/www/html/sistemantrian/petugas/assets/vendors/js/datatables/ssp.class.php on line 422
[25-May-2026 16:32:45 ASIA/JAKARTA] PHP Notice:  Undefined variable: sql_details in /var/www/html/sistemantrian/petugas/modules/antrian/data.php on line 40
[25-May-2026 16:32:45 ASIA/JAKARTA] PHP Fatal error:  Uncaught Error: Call to a member function prepare() on null in /var/www/html/sistemantrian/petugas/assets/vendors/js/datatables/ssp.class.php:422
Stack trace:
#0 /var/www/html/sistemantrian/petugas/assets/vendors/js/datatables/ssp.class.php(340): SSP::sql_exec(NULL, Array, 'SELECT `no_antr...')
#1 /var/www/html/sistemantrian/petugas/modules/antrian/data.php(40): SSP::complex(Array, NULL, 'antrian', 'ID', Array, 'tanggal='2026-0...', '')
#2 {main}
  thrown in /var/www/html/sistemantrian/petugas/assets/vendors/js/datatables/ssp.class.php on line 422
[25-May-2026 16:33:06 ASIA/JAKARTA] PHP Notice:  Undefined variable: sql_details in /var/www/html/sistemantrian/petugas/modules/antrian/data.php on line 40
[25-May-2026 16:33:06 ASIA/JAKARTA] PHP Fatal error:  Uncaught Error: Call to a member function prepare() on null in /var/www/html/sistemantrian/petugas/assets/vendors/js/datatables/ssp.class.php:422
Stack trace:
#0 /var/www/html/sistemantrian/petugas/assets/vendors/js/datatables/ssp.class.php(340): SSP::sql_exec(NULL, Array, 'SELECT `no_antr...')
#1 /var/www/html/sistemantrian/petugas/modules/antrian/data.php(40): SSP::complex(Array, NULL, 'antrian', 'ID', Array, 'tanggal='2026-0...', '')
#2 {main}
  thrown in /var/www/html/sistemantrian/petugas/assets/vendors/js/datatables/ssp.class.php on line 422
[25-May-2026 16:33:12 ASIA/JAKARTA] PHP Notice:  Undefined variable: sql_details in /var/www/html/sistemantrian/petugas/modules/antrian/data.php on line 40
[25-May-2026 16:33:12 ASIA/JAKARTA] PHP Fatal error:  Uncaught Error: Call to a member function prepare() on null in /var/www/html/sistemantrian/petugas/assets/vendors/js/datatables/ssp.class.php:422
Stack trace:
#0 /var/www/html/sistemantrian/petugas/assets/vendors/js/datatables/ssp.class.php(340): SSP::sql_exec(NULL, Array, 'SELECT `no_antr...')
#1 /var/www/html/sistemantrian/petugas/modules/antrian/data.php(40): SSP::complex(Array, NULL, 'antrian', 'ID', Array, 'tanggal='2026-0...', '')
#2 {main}
  thrown in /var/www/html/sistemantrian/petugas/assets/vendors/js/datatables/ssp.class.php on line 422
[25-May-2026 16:33:16 ASIA/JAKARTA] PHP Notice:  Undefined variable: sql_details in /var/www/html/sistemantrian/petugas/modules/antrian/data.php on line 40
[25-May-2026 16:33:16 ASIA/JAKARTA] PHP Fatal error:  Uncaught Error: Call to a member function prepare() on null in /var/www/html/sistemantrian/petugas/assets/vendors/js/datatables/ssp.class.php:422
Stack trace:
#0 /var/www/html/sistemantrian/petugas/assets/vendors/js/datatables/ssp.class.php(340): SSP::sql_exec(NULL, Array, 'SELECT `no_antr...')
#1 /var/www/html/sistemantrian/petugas/modules/antrian/data.php(40): SSP::complex(Array, NULL, 'antrian', 'ID', Array, 'tanggal='2026-0...', '')
#2 {main}
  thrown in /var/www/html/sistemantrian/petugas/assets/vendors/js/datatables/ssp.class.php on line 422
[25-May-2026 16:33:33 ASIA/JAKARTA] PHP Notice:  Undefined variable: sql_details in /var/www/html/sistemantrian/petugas/modules/antrian/data.php on line 40
[25-May-2026 16:33:33 ASIA/JAKARTA] PHP Fatal error:  Uncaught Error: Call to a member function prepare() on null in /var/www/html/sistemantrian/petugas/assets/vendors/js/datatables/ssp.class.php:422
Stack trace:
#0 /var/www/html/sistemantrian/petugas/assets/vendors/js/datatables/ssp.class.php(340): SSP::sql_exec(NULL, Array, 'SELECT `no_antr...')
#1 /var/www/html/sistemantrian/petugas/modules/antrian/data.php(40): SSP::complex(Array, NULL, 'antrian', 'ID', Array, 'tanggal='2026-0...', '')
#2 {main}
  thrown in /var/www/html/sistemantrian/petugas/assets/vendors/js/datatables/ssp.class.php on line 422
[25-May-2026 16:33:56 ASIA/JAKARTA] PHP Notice:  Undefined variable: sql_details in /var/www/html/sistemantrian/petugas/modules/antrian/data.php on line 40
[25-May-2026 16:33:56 ASIA/JAKARTA] PHP Fatal error:  Uncaught Error: Call to a member function prepare() on null in /var/www/html/sistemantrian/petugas/assets/vendors/js/datatables/ssp.class.php:422
Stack trace:
#0 /var/www/html/sistemantrian/petugas/assets/vendors/js/datatables/ssp.class.php(340): SSP::sql_exec(NULL, Array, 'SELECT `no_antr...')
#1 /var/www/html/sistemantrian/petugas/modules/antrian/data.php(40): SSP::complex(Array, NULL, 'antrian', 'ID', Array, 'tanggal='2026-0...', '')
#2 {main}
  thrown in /var/www/html/sistemantrian/petugas/assets/vendors/js/datatables/ssp.class.php on line 422
[25-May-2026 16:34:02 ASIA/JAKARTA] PHP Notice:  Undefined variable: sql_details in /var/www/html/sistemantrian/petugas/modules/antrian/data.php on line 40
[25-May-2026 16:34:02 ASIA/JAKARTA] PHP Fatal error:  Uncaught Error: Call to a member function prepare() on null in /var/www/html/sistemantrian/petugas/assets/vendors/js/datatables/ssp.class.php:422
Stack trace:
#0 /var/www/html/sistemantrian/petugas/assets/vendors/js/datatables/ssp.class.php(340): SSP::sql_exec(NULL, Array, 'SELECT `no_antr...')
#1 /var/www/html/sistemantrian/petugas/modules/antrian/data.php(40): SSP::complex(Array, NULL, 'antrian', 'ID', Array, 'tanggal='2026-0...', '')
#2 {main}
  thrown in /var/www/html/sistemantrian/petugas/assets/vendors/js/datatables/ssp.class.php on line 422
[25-May-2026 16:34:06 ASIA/JAKARTA] PHP Notice:  Undefined variable: sql_details in /var/www/html/sistemantrian/petugas/modules/antrian/data.php on line 40
[25-May-2026 16:34:06 ASIA/JAKARTA] PHP Fatal error:  Uncaught Error: Call to a member function prepare() on null in /var/www/html/sistemantrian/petugas/assets/vendors/js/datatables/ssp.class.php:422
Stack trace:
#0 /var/www/html/sistemantrian/petugas/assets/vendors/js/datatables/ssp.class.php(340): SSP::sql_exec(NULL, Array, 'SELECT `no_antr...')
#1 /var/www/html/sistemantrian/petugas/modules/antrian/data.php(40): SSP::complex(Array, NULL, 'antrian', 'ID', Array, 'tanggal='2026-0...', '')
#2 {main}
  thrown in /var/www/html/sistemantrian/petugas/assets/vendors/js/datatables/ssp.class.php on line 422
[25-May-2026 16:35:52 ASIA/JAKARTA] PHP Fatal error:  Uncaught Error: Call to undefined method mysqli_stmt::fetchAll() in /var/www/html/sistemantrian/petugas/assets/vendors/js/datatables/ssp.class.php:442
Stack trace:
#0 /var/www/html/sistemantrian/petugas/assets/vendors/js/datatables/ssp.class.php(340): SSP::sql_exec(Object(mysqli), Array, 'SELECT `no_antr...')
#1 /var/www/html/sistemantrian/petugas/modules/antrian/data.php(40): SSP::complex(Array, Object(mysqli), 'antrian', 'ID', Array, 'tanggal='2026-0...', '')
#2 {main}
  thrown in /var/www/html/sistemantrian/petugas/assets/vendors/js/datatables/ssp.class.php on line 442
[25-May-2026 16:35:55 ASIA/JAKARTA] PHP Fatal error:  Uncaught Error: Call to undefined method mysqli_stmt::fetchAll() in /var/www/html/sistemantrian/petugas/assets/vendors/js/datatables/ssp.class.php:442
Stack trace:
#0 /var/www/html/sistemantrian/petugas/assets/vendors/js/datatables/ssp.class.php(340): SSP::sql_exec(Object(mysqli), Array, 'SELECT `no_antr...')
#1 /var/www/html/sistemantrian/petugas/modules/antrian/data.php(40): SSP::complex(Array, Object(mysqli), 'antrian', 'ID', Array, 'tanggal='2026-0...', '')
#2 {main}
  thrown in /var/www/html/sistemantrian/petugas/assets/vendors/js/datatables/ssp.class.php on line 442
[25-May-2026 16:35:58 ASIA/JAKARTA] PHP Fatal error:  Uncaught Error: Call to undefined method mysqli_stmt::fetchAll() in /var/www/html/sistemantrian/petugas/assets/vendors/js/datatables/ssp.class.php:442
Stack trace:
#0 /var/www/html/sistemantrian/petugas/assets/vendors/js/datatables/ssp.class.php(340): SSP::sql_exec(Object(mysqli), Array, 'SELECT `no_antr...')
#1 /var/www/html/sistemantrian/petugas/modules/antrian/data.php(40): SSP::complex(Array, Object(mysqli), 'antrian', 'ID', Array, 'tanggal='2026-0...', '')
#2 {main}
  thrown in /var/www/html/sistemantrian/petugas/assets/vendors/js/datatables/ssp.class.php on line 442
[25-May-2026 16:36:04 ASIA/JAKARTA] PHP Fatal error:  Uncaught Error: Call to undefined method mysqli_stmt::fetchAll() in /var/www/html/sistemantrian/petugas/assets/vendors/js/datatables/ssp.class.php:442
Stack trace:
#0 /var/www/html/sistemantrian/petugas/assets/vendors/js/datatables/ssp.class.php(340): SSP::sql_exec(Object(mysqli), Array, 'SELECT `no_antr...')
#1 /var/www/html/sistemantrian/petugas/modules/antrian/data.php(40): SSP::complex(Array, Object(mysqli), 'antrian', 'ID', Array, 'tanggal='2026-0...', '')
#2 {main}
  thrown in /var/www/html/sistemantrian/petugas/assets/vendors/js/datatables/ssp.class.php on line 442
[25-May-2026 16:36:08 ASIA/JAKARTA] PHP Fatal error:  Uncaught Error: Call to undefined method mysqli_stmt::fetchAll() in /var/www/html/sistemantrian/petugas/assets/vendors/js/datatables/ssp.class.php:442
Stack trace:
#0 /var/www/html/sistemantrian/petugas/assets/vendors/js/datatables/ssp.class.php(340): SSP::sql_exec(Object(mysqli), Array, 'SELECT `no_antr...')
#1 /var/www/html/sistemantrian/petugas/modules/antrian/data.php(40): SSP::complex(Array, Object(mysqli), 'antrian', 'ID', Array, 'tanggal='2026-0...', '')
#2 {main}
  thrown in /var/www/html/sistemantrian/petugas/assets/vendors/js/datatables/ssp.class.php on line 442
[25-May-2026 16:36:22 ASIA/JAKARTA] PHP Fatal error:  Uncaught Error: Call to undefined method mysqli_stmt::fetchAll() in /var/www/html/sistemantrian/petugas/assets/vendors/js/datatables/ssp.class.php:442
Stack trace:
#0 /var/www/html/sistemantrian/petugas/assets/vendors/js/datatables/ssp.class.php(340): SSP::sql_exec(Object(mysqli), Array, 'SELECT `no_antr...')
#1 /var/www/html/sistemantrian/petugas/modules/antrian/data.php(40): SSP::complex(Array, Object(mysqli), 'antrian', 'ID', Array, 'tanggal='2026-0...', '')
#2 {main}
  thrown in /var/www/html/sistemantrian/petugas/assets/vendors/js/datatables/ssp.class.php on line 442
[25-May-2026 16:36:24 ASIA/JAKARTA] PHP Fatal error:  Uncaught Error: Call to undefined method mysqli_stmt::fetchAll() in /var/www/html/sistemantrian/petugas/assets/vendors/js/datatables/ssp.class.php:442
Stack trace:
#0 /var/www/html/sistemantrian/petugas/assets/vendors/js/datatables/ssp.class.php(340): SSP::sql_exec(Object(mysqli), Array, 'SELECT `no_antr...')
#1 /var/www/html/sistemantrian/petugas/modules/antrian/data.php(40): SSP::complex(Array, Object(mysqli), 'antrian', 'ID', Array, 'tanggal='2026-0...', '')
#2 {main}
  thrown in /var/www/html/sistemantrian/petugas/assets/vendors/js/datatables/ssp.class.php on line 442
